127.0.0.1 - - [02/Jun/2020:05:51:55 +0900] "GET / HTTP/1.1" 200 389
::1 - - [02/Jun/2020:05:52:01 +0900] "GET /search_keyword.php?keyword=chicken HTTP/1.1" 200 147
::1 - - [02/Jun/2020:05:57:11 +0900] "GET / HTTP/1.1" 200 389
::1 - - [02/Jun/2020:05:57:16 +0900] "GET / HTTP/1.1" 200 389
::1 - - [02/Jun/2020:05:57:51 +0900] "GET / HTTP/1.1" 200 396
::1 - - [02/Jun/2020:05:58:12 +0900] "GET /search_keyword.php?newjoke=123&newanswer=123 HTTP/1.1" 200 399
::1 - - [02/Jun/2020:05:59:16 +0900] "GET /search_keyword.php?newjoke=123&newanswer=123 HTTP/1.1" 200 399
::1 - - [02/Jun/2020:05:59:17 +0900] "GET /search_keyword.php?newjoke=123&newanswer=123 HTTP/1.1" 200 399
::1 - - [02/Jun/2020:05:59:20 +0900] "GET /search_keyword.php?newjoke=123&newanswer=123 HTTP/1.1" 200 399
::1 - - [02/Jun/2020:05:59:27 +0900] "GET / HTTP/1.1" 200 390
::1 - - [02/Jun/2020:05:59:29 +0900] "GET /add_joke.php?newjoke=123&newanswer=213 HTTP/1.1" 200 330
::1 - - [02/Jun/2020:06:00:07 +0900] "GET /add_joke.php?newjoke=123&newanswer=213 HTTP/1.1" 200 40
::1 - - [02/Jun/2020:06:06:16 +0900] "GET /add_joke.php?newjoke=123&newanswer=213 HTTP/1.1" 200 40
::1 - - [02/Jun/2020:06:06:25 +0900] "GET /phpmyadmin/index.php?token=9b064c16eca219f1a69b7bdc5bbb4425 HTTP/1.1" 200 8091
::1 - - [02/Jun/2020:06:06:25 +0900] "GET /phpmyadmin/index.php?db=&table=&server=1&target=&token=9b064c16eca219f1a69b7bdc5bbb4425 HTTP/1.1" 200 8056
::1 - - [02/Jun/2020:06:06:25 +0900] "GET /phpmyadmin/js/messages.php?lang=en&db=&token=9b064c16eca219f1a69b7bdc5bbb4425 HTTP/1.1" 200 16674
::1 - - [02/Jun/2020:06:06:25 +0900] "GET /phpmyadmin/favicon.ico HTTP/1.1" 200 18902
::1 - - [02/Jun/2020:06:06:30 +0900] "GET /search_keyword.php?keyword= HTTP/1.1" 200 273
::1 - - [02/Jun/2020:06:09:10 +0900] "POST /phpmyadmin/index.php HTTP/1.1" 302 -
::1 - - [02/Jun/2020:06:09:10 +0900] "GET /phpmyadmin/index.php?token=9b064c16eca219f1a69b7bdc5bbb4425 HTTP/1.1" 200 42844
::1 - - [02/Jun/2020:06:09:11 +0900] "GET /phpmyadmin/version_check.php?&_nocache=1591045751050912694 HTTP/1.1" 200 39
::1 - - [02/Jun/2020:06:10:38 +0900] "GET /add_joke.php?newjoke=What+is+population+of+France&newanswer=66.99+million+%282019%29 HTTP/1.1" 200 460
::1 - - [02/Jun/2020:06:15:03 +0900] "GET /add_joke.php?newjoke=s%27s&newanswer=66.99+million+%282019%29 HTTP/1.1" 200 68
::1 - - [02/Jun/2020:06:17:19 +0900] "GET / HTTP/1.1" 200 390
::1 - - [02/Jun/2020:06:17:22 +0900] "GET /add_joke.php?newjoke=%27%27%27&newanswer=%27%27 HTTP/1.1" 200 197
::1 - - [02/Jun/2020:06:21:39 +0900] "GET /add_joke.php?newjoke=Who%27s+president+of+France%3F&newanswer=Emmanuel+Macron HTTP/1.1" 200 264
::1 - - [02/Jun/2020:06:22:10 +0900] "GET /add_joke.php?newjoke=Who%27s+president+of+France%3F&newanswer=Emmanuel+Macron HTTP/1.1" 200 660
::1 - - [02/Jun/2020:06:23:43 +0900] "GET /add_joke.php?newjoke=Who%27s+president+of+France%3F&newanswer=Emmanuel+Macron HTTP/1.1" 200 709
::1 - - [02/Jun/2020:08:59:37 +0900] "GET /add_joke.php?newjoke=Who%27s+president+of+France%3F&newanswer=Emmanuel+Macron HTTP/1.1" 200 758
::1 - - [02/Jun/2020:08:59:57 +0900] "GET /add_joke.php?newjoke=Who%27s+president+of+France%3F&newanswer=Emmanuel+Macron HTTP/1.1" 200 264
::1 - - [02/Jun/2020:09:00:34 +0900] "GET /add_joke.php?newjoke=Who%27s+president+of+France%3F&newanswer=Emmanuel+Macron HTTP/1.1" 200 264
::1 - - [02/Jun/2020:09:02:17 +0900] "GET /add_joke.php?newjoke=Who%27s+president+of+France%3F&newanswer=Emmanuel+Macron HTTP/1.1" 200 264
::1 - - [02/Jun/2020:09:02:19 +0900] "GET /add_joke.php?newjoke=Who%27s+president+of+France%3F&newanswer=Emmanuel+Macron HTTP/1.1" 200 264
::1 - - [02/Jun/2020:09:02:23 +0900] "GET /add_joke.php?newjoke=Who%27s+president+of+France%3F&newanswer=Emmanuel+Macron HTTP/1.1" 200 264
::1 - - [02/Jun/2020:09:03:40 +0900] "GET /add_joke.php?newjoke=Who%27s+president+of+France%3F&newanswer=Emmanuel+Macron HTTP/1.1" 200 663
::1 - - [02/Jun/2020:09:03:45 +0900] "GET /index.php HTTP/1.1" 200 390
::1 - - [02/Jun/2020:10:36:17 +0900] "GET /add_joke.php?newjoke=Who%27s+president+of+France%3F&newanswer=Emmanuel+Macron HTTP/1.1" 200 724
::1 - - [02/Jun/2020:10:36:20 +0900] "GET /index.php HTTP/1.1" 200 1148
::1 - - [02/Jun/2020:10:39:22 +0900] "GET /index.php HTTP/1.1" 200 1554
::1 - - [02/Jun/2020:10:39:38 +0900] "GET /search_keyword.php?searchinput=france&submit= HTTP/1.1" 200 760
::1 - - [02/Jun/2020:10:41:21 +0900] "GET /search_keyword.php?keyword=france HTTP/1.1" 200 411
::1 - - [02/Jun/2020:10:41:24 +0900] "GET /search_keyword.php?searchinput=france&submit= HTTP/1.1" 200 760
::1 - - [02/Jun/2020:10:43:04 +0900] "GET /index.php HTTP/1.1" 200 1552
::1 - - [02/Jun/2020:10:43:07 +0900] "GET /search_keyword.php?searchinput=france&submit= HTTP/1.1" 200 760
::1 - - [02/Jun/2020:10:46:45 +0900] "GET /index.php HTTP/1.1" 200 1484
::1 - - [02/Jun/2020:10:46:57 +0900] "GET /index.php HTTP/1.1" 200 1484
::1 - - [02/Jun/2020:10:47:02 +0900] "GET /index.php HTTP/1.1" 200 1552
::1 - - [02/Jun/2020:10:48:39 +0900] "GET /index.php HTTP/1.1" 200 1555
::1 - - [02/Jun/2020:10:48:42 +0900] "GET /search_keyword.php?keyword=france&submit= HTTP/1.1" 200 411
::1 - - [02/Jun/2020:10:49:18 +0900] "GET /index.php HTTP/1.1" 200 1417
::1 - - [02/Jun/2020:10:56:03 +0900] "GET /index.php HTTP/1.1" 200 1417
::1 - - [02/Jun/2020:10:56:04 +0900] "GET /index.php HTTP/1.1" 200 1417
::1 - - [02/Jun/2020:10:56:09 +0900] "GET /index.php HTTP/1.1" 200 2485
::1 - - [02/Jun/2020:10:56:59 +0900] "GET /index.php HTTP/1.1" 200 2477
::1 - - [02/Jun/2020:10:57:49 +0900] "GET /index.php HTTP/1.1" 200 2477
::1 - - [02/Jun/2020:10:58:26 +0900] "GET /index.php?newjoke=What+is+height+of+Eiffel+Tower+in+France%3F&newanswer=&submit= HTTP/1.1" 200 2477
::1 - - [02/Jun/2020:11:00:44 +0900] "GET /index.php?newjoke=What+is+height+of+Eiffel+Tower+in+France%3F&newanswer=&submit= HTTP/1.1" 200 2495
::1 - - [02/Jun/2020:11:01:52 +0900] "GET /index.php?newjoke=What+is+height+of+Eiffel+Tower+in+France%3F&newanswer=&submit= HTTP/1.1" 200 2483
::1 - - [02/Jun/2020:11:01:53 +0900] "GET /search_keyword.php?keyword=&submit= HTTP/1.1" 200 609
::1 - - [02/Jun/2020:11:02:24 +0900] "GET /index.php?newjoke=What+is+height+of+Eiffel+Tower+in+France%3F&newanswer=300+m&submit= HTTP/1.1" 200 2483
::1 - - [02/Jun/2020:11:02:26 +0900] "GET /search_keyword.php?keyword=&submit= HTTP/1.1" 200 609
::1 - - [02/Jun/2020:11:02:28 +0900] "GET /search_keyword.php?keyword=&submit= HTTP/1.1" 200 609
::1 - - [02/Jun/2020:11:03:00 +0900] "GET /index.php?newjoke=What+is+height+of+Eiffel+Tower+in+France%3F&newanswer=300+m&submit= HTTP/1.1" 200 2505
::1 - - [02/Jun/2020:11:03:17 +0900] "GET /add_joke.php?newjoke=What+is+height+of+Eiffel+Tower%3F&newanswer=300+m&submit= HTTP/1.1" 200 774
::1 - - [02/Jun/2020:11:03:25 +0900] "GET /search_keyword.php?keyword=&submit= HTTP/1.1" 200 665
