[Tue Jun 02 05:51:51.018968 2020] [mpm_winnt:notice] [pid 24536:tid 740] AH00455: Apache/2.4.6 (Win32) PHP/5.4.17 configured -- resuming normal operations
[Tue Jun 02 05:51:51.019967 2020] [mpm_winnt:notice] [pid 24536:tid 740] AH00456: Apache Lounge VC10 Server built: Jul 16 2013 11:15:41
[Tue Jun 02 05:51:51.019967 2020] [core:notice] [pid 24536:tid 740] AH00094: Command line: 'C:\\Users\\bingk\\Desktop\\Github\\Database-Server/apache2/bin/httpd_usbwv8.exe -d C:/Users/bingk/Desktop/Github/Database-Server/apache2'
[Tue Jun 02 05:51:51.037958 2020] [mpm_winnt:notice] [pid 24536:tid 740] AH00418: Parent: Created child process 2608
[Tue Jun 02 05:51:55.887159 2020] [mpm_winnt:notice] [pid 2608:tid 896] AH00354: Child: Starting 64 worker threads.
[Tue Jun 02 05:58:12.513843 2020] [:error] [pid 2608:tid 1392] [client ::1:12218] PHP Notice:  Undefined index: keyword in C:\\Users\\bingk\\Desktop\\Github\\Database-Server\\root\\search_keyword.php on line 4, referer: http://localhost:8080/
[Tue Jun 02 05:59:16.947058 2020] [:error] [pid 2608:tid 1392] [client ::1:12231] PHP Notice:  Undefined index: keyword in C:\\Users\\bingk\\Desktop\\Github\\Database-Server\\root\\search_keyword.php on line 4, referer: http://localhost:8080/
[Tue Jun 02 05:59:17.873509 2020] [:error] [pid 2608:tid 1392] [client ::1:12231] PHP Notice:  Undefined index: keyword in C:\\Users\\bingk\\Desktop\\Github\\Database-Server\\root\\search_keyword.php on line 4, referer: http://localhost:8080/
[Tue Jun 02 05:59:20.763014 2020] [:error] [pid 2608:tid 1392] [client ::1:12231] PHP Notice:  Undefined index: keyword in C:\\Users\\bingk\\Desktop\\Github\\Database-Server\\root\\search_keyword.php on line 4, referer: http://localhost:8080/
[Tue Jun 02 05:59:29.075203 2020] [:error] [pid 2608:tid 1384] [client ::1:12236] PHP Notice:  Undefined variable: newjoke in C:\\Users\\bingk\\Desktop\\Github\\Database-Server\\root\\add_joke.php on line 8, referer: http://localhost:8080/
[Tue Jun 02 05:59:29.075203 2020] [:error] [pid 2608:tid 1384] [client ::1:12236] PHP Notice:  Undefined variable: newanswer in C:\\Users\\bingk\\Desktop\\Github\\Database-Server\\root\\add_joke.php on line 9, referer: http://localhost:8080/
[Tue Jun 02 06:22:10.812709 2020] [:error] [pid 2608:tid 1392] [client ::1:12335] PHP Notice:  Use of undefined constant adds - assumed 'adds' in C:\\Users\\bingk\\Desktop\\Github\\Database-Server\\root\\add_joke.php on line 5, referer: http://localhost:8080/
[Tue Jun 02 06:23:43.357765 2020] [:error] [pid 2608:tid 1392] [client ::1:12338] PHP Notice:  Use of undefined constant adds - assumed 'adds' in C:\\Users\\bingk\\Desktop\\Github\\Database-Server\\root\\add_joke.php on line 5, referer: http://localhost:8080/
[Tue Jun 02 08:59:37.603253 2020] [:error] [pid 2608:tid 1392] [client ::1:12470] PHP Notice:  Use of undefined constant adds - assumed 'adds' in C:\\Users\\bingk\\Desktop\\Github\\Database-Server\\root\\add_joke.php on line 5, referer: http://localhost:8080/
[Tue Jun 02 10:39:38.564812 2020] [:error] [pid 2608:tid 1392] [client ::1:12845] PHP Notice:  Undefined index: keyword in C:\\Users\\bingk\\Desktop\\Github\\Database-Server\\root\\search_keyword.php on line 4, referer: http://localhost:8080/index.php
[Tue Jun 02 10:41:24.981298 2020] [:error] [pid 2608:tid 1392] [client ::1:12854] PHP Notice:  Undefined index: keyword in C:\\Users\\bingk\\Desktop\\Github\\Database-Server\\root\\search_keyword.php on line 4, referer: http://localhost:8080/index.php
[Tue Jun 02 10:43:07.887819 2020] [:error] [pid 2608:tid 1392] [client ::1:12863] PHP Notice:  Undefined index: keyword in C:\\Users\\bingk\\Desktop\\Github\\Database-Server\\root\\search_keyword.php on line 4, referer: http://localhost:8080/index.php
[Tue Jun 02 11:21:08.771324 2020] [:error] [pid 2608:tid 1392] [client ::1:13059] PHP Parse error:  syntax error, unexpected '"', expecting identifier (T_STRING) or variable (T_VARIABLE) or number (T_NUM_STRING) in C:\\Users\\bingk\\Desktop\\Github\\Database-Server\\root\\search_keyword.php on line 30, referer: http://localhost:8080/index.php?newjoke=What+is+height+of+Eiffel+Tower+in+France%3F&newanswer=300+m&submit=
[Tue Jun 02 11:22:34.672605 2020] [:error] [pid 2608:tid 1392] [client ::1:13064] PHP Parse error:  syntax error, unexpected '"', expecting identifier (T_STRING) or variable (T_VARIABLE) or number (T_NUM_STRING) in C:\\Users\\bingk\\Desktop\\Github\\Database-Server\\root\\search_keyword.php on line 30, referer: http://localhost:8080/index.php?newjoke=What+is+height+of+Eiffel+Tower+in+France%3F&newanswer=300+m&submit=
[Tue Jun 02 11:22:48.631495 2020] [:error] [pid 2608:tid 1392] [client ::1:13078] PHP Parse error:  syntax error, unexpected '"', expecting identifier (T_STRING) or variable (T_VARIABLE) or number (T_NUM_STRING) in C:\\Users\\bingk\\Desktop\\Github\\Database-Server\\root\\search_keyword.php on line 30, referer: http://localhost:8080/index.php?newjoke=What+is+height+of+Eiffel+Tower+in+France%3F&newanswer=300+m&submit=
[Tue Jun 02 11:47:49.962236 2020] [:error] [pid 2608:tid 1392] [client ::1:13278] PHP Notice:  Undefined index: keyword in C:\\Users\\bingk\\Desktop\\Github\\Database-Server\\root\\search_keyword.php on line 31, referer: http://localhost:8080/search_keyword.php?keyword=fra&submit=
[Tue Jun 02 11:48:03.274419 2020] [:error] [pid 2608:tid 1392] [client ::1:13285] PHP Notice:  Undefined index: keyword in C:\\Users\\bingk\\Desktop\\Github\\Database-Server\\root\\search_keyword.php on line 31, referer: http://localhost:8080/search_keyword.php?keyword=fra&submit=
[Tue Jun 02 11:49:38.775223 2020] [:error] [pid 2608:tid 1392] [client ::1:13301] PHP Notice:  Undefined index: keyword in C:\\Users\\bingk\\Desktop\\Github\\Database-Server\\root\\search_keyword.php on line 31, referer: http://localhost:8080/search_keyword.php?keyword=fra&submit=
[Tue Jun 02 11:56:25.070466 2020] [:error] [pid 2608:tid 1384] [client ::1:13409] PHP Notice:  Undefined index: keyword in C:\\Users\\bingk\\Desktop\\Github\\Database-Server\\root\\search_keyword.php on line 31, referer: http://localhost:8080/search_keyword.php?keyword=&submit=
[Tue Jun 02 11:56:55.783433 2020] [:error] [pid 2608:tid 1384] [client ::1:13416] PHP Notice:  Undefined index: keyword in C:\\Users\\bingk\\Desktop\\Github\\Database-Server\\root\\search_keyword.php on line 31, referer: http://localhost:8080/search_keyword.php?keyword=&submit=
[Tue Jun 02 11:56:57.253587 2020] [:error] [pid 2608:tid 1384] [client ::1:13416] PHP Notice:  Undefined index: keyword in C:\\Users\\bingk\\Desktop\\Github\\Database-Server\\root\\search_keyword.php on line 31, referer: http://localhost:8080/search_keyword.php?return=
[Tue Jun 02 11:57:44.303952 2020] [:error] [pid 2608:tid 1384] [client ::1:13431] PHP Notice:  Undefined index: keyword in C:\\Users\\bingk\\Desktop\\Github\\Database-Server\\root\\search_keyword.php on line 31, referer: http://localhost:8080/search_keyword.php?return=
[Tue Jun 02 11:57:46.944429 2020] [:error] [pid 2608:tid 1384] [client ::1:13431] PHP Notice:  Undefined index: keyword in C:\\Users\\bingk\\Desktop\\Github\\Database-Server\\root\\search_keyword.php on line 31, referer: http://localhost:8080/search_keyword.php?keyword=&submit=
[Tue Jun 02 11:58:54.301200 2020] [:error] [pid 2608:tid 1384] [client ::1:13445] PHP Notice:  Undefined index: keyword in C:\\Users\\bingk\\Desktop\\Github\\Database-Server\\root\\search_keyword.php on line 31, referer: http://localhost:8080/search_keyword.php?keyword=&submit=
[Tue Jun 02 11:59:20.475534 2020] [:error] [pid 2608:tid 1384] [client ::1:13453] PHP Notice:  Undefined index: keyword in C:\\Users\\bingk\\Desktop\\Github\\Database-Server\\root\\search_keyword.php on line 31, referer: http://localhost:8080/search_keyword.php?keyword=&submit=
[Tue Jun 02 11:59:25.417161 2020] [:error] [pid 2608:tid 1384] [client ::1:13453] PHP Notice:  Undefined index: keyword in C:\\Users\\bingk\\Desktop\\Github\\Database-Server\\root\\search_keyword.php on line 31, referer: http://localhost:8080/search_keyword.php?keyword=&submit=
[Tue Jun 02 11:59:26.496538 2020] [:error] [pid 2608:tid 1384] [client ::1:13453] PHP Notice:  Undefined index: keyword in C:\\Users\\bingk\\Desktop\\Github\\Database-Server\\root\\search_keyword.php on line 31, referer: http://localhost:8080/search_keyword.php?return=
[Tue Jun 02 12:00:30.657569 2020] [:error] [pid 2608:tid 1384] [client ::1:13467] PHP Notice:  Undefined index: keyword in C:\\Users\\bingk\\Desktop\\Github\\Database-Server\\root\\search_keyword.php on line 31, referer: http://localhost:8080/search_keyword.php?return=
[Tue Jun 02 12:00:34.287509 2020] [:error] [pid 2608:tid 1384] [client ::1:13467] PHP Notice:  Undefined index: keyword in C:\\Users\\bingk\\Desktop\\Github\\Database-Server\\root\\search_keyword.php on line 31, referer: http://localhost:8080/search_keyword.php?keyword=&submit=
[Tue Jun 02 12:01:49.980127 2020] [:error] [pid 2608:tid 1384] [client ::1:13479] PHP Notice:  Undefined index: keyword in C:\\Users\\bingk\\Desktop\\Github\\Database-Server\\root\\search_keyword.php on line 31, referer: http://localhost:8080/search_keyword.php?keyword=&submit=
[Tue Jun 02 12:01:51.156451 2020] [:error] [pid 2608:tid 1384] [client ::1:13479] PHP Notice:  Undefined index: keyword in C:\\Users\\bingk\\Desktop\\Github\\Database-Server\\root\\search_keyword.php on line 31, referer: http://localhost:8080/search_keyword.php?return=
[Tue Jun 02 12:01:52.172886 2020] [:error] [pid 2608:tid 1384] [client ::1:13479] PHP Notice:  Undefined index: keyword in C:\\Users\\bingk\\Desktop\\Github\\Database-Server\\root\\search_keyword.php on line 31, referer: http://localhost:8080/search_keyword.php?return=
[Tue Jun 02 12:05:46.228266 2020] [:error] [pid 2608:tid 1384] [client ::1:13506] PHP Notice:  Undefined index: keyword in C:\\Users\\bingk\\Desktop\\Github\\Database-Server\\root\\search_keyword.php on line 31, referer: http://localhost:8080/search_keyword.php?return=
[Tue Jun 02 12:06:20.588546 2020] [:error] [pid 2608:tid 1384] [client ::1:13513] PHP Notice:  Undefined index: keyword in C:\\Users\\bingk\\Desktop\\Github\\Database-Server\\root\\search_keyword.php on line 31, referer: http://localhost:8080/search_keyword.php?return=
[Tue Jun 02 12:06:33.692712 2020] [:error] [pid 2608:tid 1384] [client ::1:13520] PHP Notice:  Undefined index: keyword in C:\\Users\\bingk\\Desktop\\Github\\Database-Server\\root\\search_keyword.php on line 31, referer: http://localhost:8080/search_keyword.php?return=
