2020-05-30 00:17:50 7008 [Note] Plugin 'FEDERATED' is disabled.
2020-05-30 00:17:50 7008 [Note] InnoDB: The InnoDB memory heap is disabled
2020-05-30 00:17:50 7008 [Note] InnoDB: Mutexes and rw_locks use Windows interlocked functions
2020-05-30 00:17:50 7008 [Note] InnoDB: Compressed tables use zlib 1.2.3
2020-05-30 00:17:50 7008 [Note] InnoDB: Not using CPU crc32 instructions
2020-05-30 00:17:50 7008 [Note] InnoDB: Initializing buffer pool, size = 128.0M
2020-05-30 00:17:50 7008 [Note] InnoDB: Completed initialization of buffer pool
2020-05-30 00:17:50 7008 [Note] InnoDB: Setting log file C:\Users\bingk\Desktop\Code\USBWebserver v8.6\mysql\data\ib_logfile101 size to 5 MB
2020-05-30 00:17:50 7008 [Note] InnoDB: Setting log file C:\Users\bingk\Desktop\Code\USBWebserver v8.6\mysql\data\ib_logfile1 size to 5 MB
2020-05-30 00:17:50 7008 [Note] InnoDB: Renaming log file C:\Users\bingk\Desktop\Code\USBWebserver v8.6\mysql\data\ib_logfile101 to C:\Users\bingk\Desktop\Code\USBWebserver v8.6\mysql\data\ib_logfile0
2020-05-30 00:17:50 7008 [Warning] InnoDB: New log files created, LSN=1626134
2020-05-30 00:17:50 7008 [Note] InnoDB: Highest supported file format is Barracuda.
2020-05-30 00:17:50 7008 [Note] InnoDB: 128 rollback segment(s) are active.
2020-05-30 00:17:50 7008 [Note] InnoDB: Waiting for purge to start
2020-05-30 00:17:50 7008 [Note] InnoDB: 5.6.13 started; log sequence number 1626636
2020-05-30 00:17:50 7008 [Warning] No existing UUID has been found, so we assume that this is the first time that this server has been started. Generating a new UUID: 8f99294c-a1bf-11ea-86ec-00ff10203220.
2020-05-30 00:17:50 7008 [Note] Server hostname (bind-address): '*'; port: 3307
2020-05-30 00:17:50 7008 [Note] IPv6 is available.
2020-05-30 00:17:50 7008 [Note]   - '::' resolves to '::';
2020-05-30 00:17:50 7008 [Note] Server socket created on IP: '::'.
2020-06-02 05:11:32 5408 [Note] Plugin 'FEDERATED' is disabled.
2020-06-02 05:11:32 5408 [Note] InnoDB: The InnoDB memory heap is disabled
2020-06-02 05:11:32 5408 [Note] InnoDB: Mutexes and rw_locks use Windows interlocked functions
2020-06-02 05:11:32 5408 [Note] InnoDB: Compressed tables use zlib 1.2.3
2020-06-02 05:11:32 5408 [Note] InnoDB: Not using CPU crc32 instructions
2020-06-02 05:11:32 5408 [Note] InnoDB: Initializing buffer pool, size = 128.0M
2020-06-02 05:11:32 5408 [Note] InnoDB: Completed initialization of buffer pool
2020-06-02 05:11:32 5408 [Note] InnoDB: Highest supported file format is Barracuda.
2020-06-02 05:11:32 5408 [Note] InnoDB: The log sequence numbers 1626134 and 1626134 in ibdata files do not match the log sequence number 1678741 in the ib_logfiles!
2020-06-02 05:11:32 5408 [Note] InnoDB: Database was not shutdown normally!
2020-06-02 05:11:32 5408 [Note] InnoDB: Starting crash recovery.
2020-06-02 05:11:32 5408 [Note] InnoDB: Reading tablespace information from the .ibd files...
2020-06-02 05:11:32 5408 [Note] InnoDB: Restoring possible half-written data pages 
2020-06-02 05:11:32 5408 [Note] InnoDB: from the doublewrite buffer...
2020-06-02 05:11:32 5408 [Note] InnoDB: 128 rollback segment(s) are active.
2020-06-02 05:11:32 5408 [Note] InnoDB: Waiting for purge to start
2020-06-02 05:11:32 5408 [Note] InnoDB: 5.6.13 started; log sequence number 1678741
2020-06-02 05:11:32 5408 [Note] Server hostname (bind-address): '*'; port: 3307
2020-06-02 05:11:32 5408 [Note] IPv6 is available.
2020-06-02 05:11:32 5408 [Note]   - '::' resolves to '::';
2020-06-02 05:11:32 5408 [Note] Server socket created on IP: '::'.
